<?xml version="1.0" encoding="UTF-8"?><testsuite errors="0" failures="0" name="com.herokuapp.booker.bookinginfo.BookingCrudTest" skipped="0" tests="5" time="5.17" timestamp="2022-01-11T21:02:22.893Z[Europe/London]"><testcase classname="com.herokuapp.booker.bookinginfo.BookingCrudTest" name="Extracting a List of Ids before creating new record"/><testcase classname="com.herokuapp.booker.bookinginfo.BookingCrudTest" name="Creating a new booking using POST method"/><testcase classname="com.herokuapp.booker.bookinginfo.BookingCrudTest" name="Extracting ID and Finding the new booking by id to verify if it exists in the application"/><testcase classname="com.herokuapp.booker.bookinginfo.BookingCrudTest" name="Updating the newly created record with ID and verifying it by extracting id with updated firstname as query parameter"/><testcase classname="com.herokuapp.booker.bookinginfo.BookingCrudTest" name="Delete the newly created record with ID"/></testsuite>